<?xml version="1.0" encoding="UTF-8"?>
<testng-results skipped="0" failed="0" ignored="0" total="1" passed="1">
  <reporter-output>
  </reporter-output>
  <suite name="Default suite" duration-ms="39689" started-at="2018-08-26T17:12:33Z" finished-at="2018-08-26T17:13:13Z">
    <groups>
    </groups>
    <test name="Default test" duration-ms="39689" started-at="2018-08-26T17:12:33Z" finished-at="2018-08-26T17:13:13Z">
      <class name="com.morressier.scripts.EventTest">
        <test-method status="PASS" signature="initReport()[pri:0, instance:com.morressier.scripts.EventTest@887af79]" name="initReport" is-config="true" duration-ms="322" started-at="2018-08-26T17:12:33Z" finished-at="2018-08-26T17:12:33Z">
          <reporter-output>
          </reporter-output>
        </test-method> <!-- initReport -->
        <test-method status="PASS" signature="initGlobalVar()[pri:0, instance:com.morressier.scripts.EventTest@887af79]" name="initGlobalVar" is-config="true" duration-ms="3" started-at="2018-08-26T17:12:33Z" finished-at="2018-08-26T17:12:33Z">
          <reporter-output>
          </reporter-output>
        </test-method> <!-- initGlobalVar -->
        <test-method status="PASS" signature="initApplication(java.lang.String)[pri:0, instance:com.morressier.scripts.EventTest@887af79]" name="initApplication" is-config="true" duration-ms="7189" started-at="2018-08-26T17:12:33Z" finished-at="2018-08-26T17:12:40Z">
          <params>
            <param index="0">
              <value>
                <![CDATA[chrome]]>
              </value>
            </param>
          </params>
          <reporter-output>
          </reporter-output>
        </test-method> <!-- initApplication -->
        <test-method status="PASS" signature="preCondition(java.lang.reflect.Method)[pri:0, instance:com.morressier.scripts.EventTest@887af79]" name="preCondition" is-config="true" duration-ms="7226" started-at="2018-08-26T17:12:40Z" finished-at="2018-08-26T17:12:47Z">
          <params>
            <param index="0">
              <value>
                <![CDATA[public void com.morressier.scripts.EventTest.search() throws java.lang.InterruptedException]]>
              </value>
            </param>
          </params>
          <reporter-output>
          </reporter-output>
        </test-method> <!-- preCondition -->
        <test-method status="PASS" signature="search()[pri:0, instance:com.morressier.scripts.EventTest@887af79]" name="search" duration-ms="23699" started-at="2018-08-26T17:12:47Z" finished-at="2018-08-26T17:13:11Z">
          <reporter-output>
          </reporter-output>
        </test-method> <!-- search -->
        <test-method status="PASS" signature="postCondition(org.testng.ITestResult)[pri:0, instance:com.morressier.scripts.EventTest@887af79]" name="postCondition" is-config="true" duration-ms="453" started-at="2018-08-26T17:13:11Z" finished-at="2018-08-26T17:13:12Z">
          <params>
            <param index="0">
              <value>
                <![CDATA[[TestResult name=search status=SUCCESS method=EventTest.search()[pri:0, instance:com.morressier.scripts.EventTest@887af79] output={null}]]]>
              </value>
            </param>
          </params>
          <reporter-output>
          </reporter-output>
        </test-method> <!-- postCondition -->
        <test-method status="PASS" signature="closeApplication()[pri:0, instance:com.morressier.scripts.EventTest@887af79]" name="closeApplication" is-config="true" duration-ms="1075" started-at="2018-08-26T17:13:12Z" finished-at="2018-08-26T17:13:13Z">
          <reporter-output>
          </reporter-output>
        </test-method> <!-- closeApplication -->
        <test-method status="PASS" signature="publishReport()[pri:0, instance:com.morressier.scripts.EventTest@887af79]" name="publishReport" is-config="true" duration-ms="664" started-at="2018-08-26T17:13:13Z" finished-at="2018-08-26T17:13:13Z">
          <reporter-output>
          </reporter-output>
        </test-method> <!-- publishReport -->
      </class> <!-- com.morressier.scripts.EventTest -->
    </test> <!-- Default test -->
  </suite> <!-- Default suite -->
</testng-results>
