<?xml version="1.0" encoding="UTF-8"?>
<testng-results skipped="0" failed="0" ignored="0" total="1" passed="1">
  <reporter-output>
  </reporter-output>
  <suite name="Default suite" duration-ms="14070" started-at="2018-08-26T14:50:20Z" finished-at="2018-08-26T14:50:34Z">
    <groups>
    </groups>
    <test name="Default test" duration-ms="14070" started-at="2018-08-26T14:50:20Z" finished-at="2018-08-26T14:50:34Z">
      <class name="com.morressier.scripts.LoginLogoutTest">
        <test-method status="PASS" signature="initReport()[pri:0, instance:com.morressier.scripts.LoginLogoutTest@887af79]" name="initReport" is-config="true" duration-ms="260" started-at="2018-08-26T14:50:20Z" finished-at="2018-08-26T14:50:20Z">
          <reporter-output>
          </reporter-output>
        </test-method> <!-- initReport -->
        <test-method status="PASS" signature="initGlobalVar()[pri:0, instance:com.morressier.scripts.LoginLogoutTest@887af79]" name="initGlobalVar" is-config="true" duration-ms="4" started-at="2018-08-26T14:50:20Z" finished-at="2018-08-26T14:50:20Z">
          <reporter-output>
          </reporter-output>
        </test-method> <!-- initGlobalVar -->
        <test-method status="PASS" signature="initApplication(java.lang.String)[pri:0, instance:com.morressier.scripts.LoginLogoutTest@887af79]" name="initApplication" is-config="true" duration-ms="5368" started-at="2018-08-26T14:50:20Z" finished-at="2018-08-26T14:50:26Z">
          <params>
            <param index="0">
              <value>
                <![CDATA[chrome]]>
              </value>
            </param>
          </params>
          <reporter-output>
          </reporter-output>
        </test-method> <!-- initApplication -->
        <test-method status="PASS" signature="preCondition(java.lang.reflect.Method)[pri:0, instance:com.morressier.scripts.LoginLogoutTest@887af79]" name="preCondition" is-config="true" duration-ms="6167" started-at="2018-08-26T14:50:26Z" finished-at="2018-08-26T14:50:32Z">
          <params>
            <param index="0">
              <value>
                <![CDATA[public void com.morressier.scripts.LoginLogoutTest.testAutoLoginLogout()]]>
              </value>
            </param>
          </params>
          <reporter-output>
          </reporter-output>
        </test-method> <!-- preCondition -->
        <test-method status="PASS" signature="testAutoLoginLogout()[pri:0, instance:com.morressier.scripts.LoginLogoutTest@887af79]" name="testAutoLoginLogout" duration-ms="16" started-at="2018-08-26T14:50:32Z" finished-at="2018-08-26T14:50:32Z">
          <reporter-output>
          </reporter-output>
        </test-method> <!-- testAutoLoginLogout -->
        <test-method status="PASS" signature="postCondition(org.testng.ITestResult)[pri:0, instance:com.morressier.scripts.LoginLogoutTest@887af79]" name="postCondition" is-config="true" duration-ms="1448" started-at="2018-08-26T14:50:32Z" finished-at="2018-08-26T14:50:33Z">
          <params>
            <param index="0">
              <value>
                <![CDATA[[TestResult name=testAutoLoginLogout status=SUCCESS method=LoginLogoutTest.testAutoLoginLogout()[pri:0, instance:com.morressier.scripts.LoginLogoutTest@887af79] output={null}]]]>
              </value>
            </param>
          </params>
          <reporter-output>
          </reporter-output>
        </test-method> <!-- postCondition -->
        <test-method status="PASS" signature="closeApplication()[pri:0, instance:com.morressier.scripts.LoginLogoutTest@887af79]" name="closeApplication" is-config="true" duration-ms="1027" started-at="2018-08-26T14:50:33Z" finished-at="2018-08-26T14:50:34Z">
          <reporter-output>
          </reporter-output>
        </test-method> <!-- closeApplication -->
        <test-method status="PASS" signature="publishReport()[pri:0, instance:com.morressier.scripts.LoginLogoutTest@887af79]" name="publishReport" is-config="true" duration-ms="586" started-at="2018-08-26T14:50:34Z" finished-at="2018-08-26T14:50:35Z">
          <reporter-output>
          </reporter-output>
        </test-method> <!-- publishReport -->
      </class> <!-- com.morressier.scripts.LoginLogoutTest -->
    </test> <!-- Default test -->
  </suite> <!-- Default suite -->
</testng-results>
